<?xml version="1.0" encoding="UTF-8"?>
<!-- Generated by org.testng.reporters.JUnitReportReporter -->
<testsuite skipped="0" hostname="lslcwksg6161309" name="com.qa.test.GetAPITest" tests="1" failures="0" timestamp="17 Sep 2019 16:15:03 GMT" time="3.991" errors="0">
  <testcase name="getTest" time="3.991" classname="com.qa.test.GetAPITest"/>
</testsuite> <!-- com.qa.test.GetAPITest -->
